Started GET "/" for ::1 at 2016-08-01 20:00:28 -0400
  
ActiveRecord::NoDatabaseError (FATAL:  database "coffee_check_development" does not exist
):
  
activerecord (5.0.0) lib/active_record/connection_adapters/postgresql_adapter.rb:675:in `rescue in connect'
activerecord (5.0.0) lib/active_record/connection_adapters/postgresql_adapter.rb:671:in `connect'
activerecord (5.0.0) lib/active_record/connection_adapters/postgresql_adapter.rb:217:in `initialize'
activerecord (5.0.0) lib/active_record/connection_adapters/postgresql_adapter.rb:37:in `new'
activerecord (5.0.0) lib/active_record/connection_adapters/postgresql_adapter.rb:37:in `postgresql_connection'
activerecord (5.0.0) lib/active_record/connection_adapters/abstract/connection_pool.rb:721:in `new_connection'
activerecord (5.0.0) lib/active_record/connection_adapters/abstract/connection_pool.rb:765:in `checkout_new_connection'
activerecord (5.0.0) lib/active_record/connection_adapters/abstract/connection_pool.rb:744:in `try_to_checkout_new_connection'
activerecord (5.0.0) lib/active_record/connection_adapters/abstract/connection_pool.rb:705:in `acquire_connection'
activerecord (5.0.0) lib/active_record/connection_adapters/abstract/connection_pool.rb:501:in `checkout'
activerecord (5.0.0) lib/active_record/connection_adapters/abstract/connection_pool.rb:364:in `connection'
activerecord (5.0.0) lib/active_record/connection_adapters/abstract/connection_pool.rb:875:in `retrieve_connection'
activerecord (5.0.0) lib/active_record/connection_handling.rb:128:in `retrieve_connection'
activerecord (5.0.0) lib/active_record/connection_handling.rb:91:in `connection'
activerecord (5.0.0) lib/active_record/migration.rb:558:in `connection'
activerecord (5.0.0) lib/active_record/migration.rb:545:in `call'
actionpack (5.0.0) lib/action_dispatch/middleware/callbacks.rb:38:in `block in call'
activesupport (5.0.0) lib/active_support/callbacks.rb:97:in `__run_callbacks__'
activesupport (5.0.0) lib/active_support/callbacks.rb:750:in `_run_call_callbacks'
activesupport (5.0.0) lib/active_support/callbacks.rb:90:in `run_callbacks'
actionpack (5.0.0) lib/action_dispatch/middleware/callbacks.rb:36:in `call'
actionpack (5.0.0) lib/action_dispatch/middleware/executor.rb:12:in `call'
actionpack (5.0.0) lib/action_dispatch/middleware/remote_ip.rb:79:in `call'
actionpack (5.0.0) lib/action_dispatch/middleware/debug_exceptions.rb:49:in `call'
web-console (3.3.1) lib/web_console/middleware.rb:131:in `call_app'
web-console (3.3.1) lib/web_console/middleware.rb:28:in `block in call'
web-console (3.3.1) lib/web_console/middleware.rb:18:in `catch'
web-console (3.3.1) lib/web_console/middleware.rb:18:in `call'
actionpack (5.0.0) lib/action_dispatch/middleware/show_exceptions.rb:31:in `call'
railties (5.0.0) lib/rails/rack/logger.rb:36:in `call_app'
railties (5.0.0) lib/rails/rack/logger.rb:24:in `block in call'
activesupport (5.0.0) lib/active_support/tagged_logging.rb:70:in `block in tagged'
activesupport (5.0.0) lib/active_support/tagged_logging.rb:26:in `tagged'
activesupport (5.0.0) lib/active_support/tagged_logging.rb:70:in `tagged'
railties (5.0.0) lib/rails/rack/logger.rb:24:in `call'
sprockets-rails (3.1.1) lib/sprockets/rails/quiet_assets.rb:13:in `call'
actionpack (5.0.0) lib/action_dispatch/middleware/request_id.rb:24:in `call'
rack (2.0.1) lib/rack/method_override.rb:22:in `call'
rack (2.0.1) lib/rack/runtime.rb:22:in `call'
activesupport (5.0.0) lib/active_support/cache/strategy/local_cache_middleware.rb:28:in `call'
actionpack (5.0.0) lib/action_dispatch/middleware/executor.rb:12:in `call'
actionpack (5.0.0) lib/action_dispatch/middleware/static.rb:136:in `call'
rack (2.0.1) lib/rack/sendfile.rb:111:in `call'
railties (5.0.0) lib/rails/engine.rb:522:in `call'
puma (3.6.0) lib/puma/configuration.rb:225:in `call'
puma (3.6.0) lib/puma/server.rb:578:in `handle_request'
puma (3.6.0) lib/puma/server.rb:415:in `process_client'
puma (3.6.0) lib/puma/server.rb:275:in `block in run'
puma (3.6.0) lib/puma/thread_pool.rb:116:in `block in spawn_thread'
  Rendering /Users/mcoyle/.rvm/gems/ruby-2.3.1/gems/actionpack-5.0.0/lib/action_dispatch/middleware/templates/rescues/diagnostics.html.erb within rescues/layout
  Rendering /Users/mcoyle/.rvm/gems/ruby-2.3.1/gems/actionpack-5.0.0/lib/action_dispatch/middleware/templates/rescues/_source.html.erb
  Rendered /Users/mcoyle/.rvm/gems/ruby-2.3.1/gems/actionpack-5.0.0/lib/action_dispatch/middleware/templates/rescues/_source.html.erb (5.7ms)
  Rendering /Users/mcoyle/.rvm/gems/ruby-2.3.1/gems/actionpack-5.0.0/lib/action_dispatch/middleware/templates/rescues/_trace.html.erb
  Rendered /Users/mcoyle/.rvm/gems/ruby-2.3.1/gems/actionpack-5.0.0/lib/action_dispatch/middleware/templates/rescues/_trace.html.erb (2.0ms)
  Rendering /Users/mcoyle/.rvm/gems/ruby-2.3.1/gems/actionpack-5.0.0/lib/action_dispatch/middleware/templates/rescues/_request_and_response.html.erb
  Rendered /Users/mcoyle/.rvm/gems/ruby-2.3.1/gems/actionpack-5.0.0/lib/action_dispatch/middleware/templates/rescues/_request_and_response.html.erb (1.6ms)
  Rendered /Users/mcoyle/.rvm/gems/ruby-2.3.1/gems/actionpack-5.0.0/lib/action_dispatch/middleware/templates/rescues/diagnostics.html.erb within rescues/layout (147.5ms)
Started GET "/" for ::1 at 2016-08-01 20:01:36 -0400
Processing by Rails::WelcomeController#index as HTML
  Parameters: {"internal"=>true}
  Rendering /Users/mcoyle/.rvm/gems/ruby-2.3.1/gems/railties-5.0.0/lib/rails/templates/rails/welcome/index.html.erb
  Rendered /Users/mcoyle/.rvm/gems/ruby-2.3.1/gems/railties-5.0.0/lib/rails/templates/rails/welcome/index.html.erb (6.7ms)
Completed 200 OK in 75ms (Views: 18.7ms | ActiveRecord: 0.0ms)


Started GET "/" for ::1 at 2016-08-01 20:58:44 -0400
Processing by Rails::WelcomeController#index as HTML
  Parameters: {"internal"=>true}
  Rendering /Users/mcoyle/.rvm/gems/ruby-2.3.1/gems/railties-5.0.0/lib/rails/templates/rails/welcome/index.html.erb
  Rendered /Users/mcoyle/.rvm/gems/ruby-2.3.1/gems/railties-5.0.0/lib/rails/templates/rails/welcome/index.html.erb (13.1ms)
Completed 200 OK in 85ms (Views: 35.3ms | ActiveRecord: 0.0ms)


Started GET "/" for ::1 at 2016-08-01 21:05:27 -0400
Processing by WelcomeController#index as HTML
  Rendering welcome/index.html.erb within layouts/application
  Rendered welcome/index.html.erb within layouts/application (1.0ms)
Completed 200 OK in 875ms (Views: 870.0ms | ActiveRecord: 0.0ms)


Started GET "/" for ::1 at 2016-08-01 21:10:01 -0400
Processing by WelcomeController#index as HTML
  Rendering welcome/index.html.erb within layouts/application
  Rendered welcome/index.html.erb within layouts/application (1.6ms)
Completed 200 OK in 83ms (Views: 74.1ms | ActiveRecord: 0.0ms)


Started GET "/shops/new" for ::1 at 2016-08-01 21:16:51 -0400
Processing by ShopsController#new as HTML
  Rendering shops/new.html.erb within layouts/application
  Rendered shops/new.html.erb within layouts/application (70.3ms)
Completed 200 OK in 140ms (Views: 135.1ms | ActiveRecord: 0.0ms)


Started GET "/songs" for ::1 at 2016-08-01 21:16:54 -0400
  
ActionController::RoutingError (No route matches [GET] "/songs"):
  
actionpack (5.0.0) lib/action_dispatch/middleware/debug_exceptions.rb:53:in `call'
web-console (3.3.1) lib/web_console/middleware.rb:131:in `call_app'
web-console (3.3.1) lib/web_console/middleware.rb:28:in `block in call'
web-console (3.3.1) lib/web_console/middleware.rb:18:in `catch'
web-console (3.3.1) lib/web_console/middleware.rb:18:in `call'
actionpack (5.0.0) lib/action_dispatch/middleware/show_exceptions.rb:31:in `call'
railties (5.0.0) lib/rails/rack/logger.rb:36:in `call_app'
railties (5.0.0) lib/rails/rack/logger.rb:24:in `block in call'
activesupport (5.0.0) lib/active_support/tagged_logging.rb:70:in `block in tagged'
activesupport (5.0.0) lib/active_support/tagged_logging.rb:26:in `tagged'
activesupport (5.0.0) lib/active_support/tagged_logging.rb:70:in `tagged'
railties (5.0.0) lib/rails/rack/logger.rb:24:in `call'
sprockets-rails (3.1.1) lib/sprockets/rails/quiet_assets.rb:13:in `call'
actionpack (5.0.0) lib/action_dispatch/middleware/request_id.rb:24:in `call'
rack (2.0.1) lib/rack/method_override.rb:22:in `call'
rack (2.0.1) lib/rack/runtime.rb:22:in `call'
activesupport (5.0.0) lib/active_support/cache/strategy/local_cache_middleware.rb:28:in `call'
actionpack (5.0.0) lib/action_dispatch/middleware/executor.rb:12:in `call'
actionpack (5.0.0) lib/action_dispatch/middleware/static.rb:136:in `call'
rack (2.0.1) lib/rack/sendfile.rb:111:in `call'
railties (5.0.0) lib/rails/engine.rb:522:in `call'
puma (3.6.0) lib/puma/configuration.rb:225:in `call'
puma (3.6.0) lib/puma/server.rb:578:in `handle_request'
puma (3.6.0) lib/puma/server.rb:415:in `process_client'
puma (3.6.0) lib/puma/server.rb:275:in `block in run'
puma (3.6.0) lib/puma/thread_pool.rb:116:in `block in spawn_thread'
  Rendering /Users/mcoyle/.rvm/gems/ruby-2.3.1/gems/actionpack-5.0.0/lib/action_dispatch/middleware/templates/rescues/routing_error.html.erb within rescues/layout
  Rendering /Users/mcoyle/.rvm/gems/ruby-2.3.1/gems/actionpack-5.0.0/lib/action_dispatch/middleware/templates/rescues/_trace.html.erb
  Rendered /Users/mcoyle/.rvm/gems/ruby-2.3.1/gems/actionpack-5.0.0/lib/action_dispatch/middleware/templates/rescues/_trace.html.erb (1.6ms)
  Rendered collection of /Users/mcoyle/.rvm/gems/ruby-2.3.1/gems/actionpack-5.0.0/lib/action_dispatch/middleware/templates/routes/_route.html.erb [9 times] (5.1ms)
  Rendered /Users/mcoyle/.rvm/gems/ruby-2.3.1/gems/actionpack-5.0.0/lib/action_dispatch/middleware/templates/routes/_table.html.erb (12.0ms)
  Rendering /Users/mcoyle/.rvm/gems/ruby-2.3.1/gems/actionpack-5.0.0/lib/action_dispatch/middleware/templates/rescues/_request_and_response.html.erb
  Rendered /Users/mcoyle/.rvm/gems/ruby-2.3.1/gems/actionpack-5.0.0/lib/action_dispatch/middleware/templates/rescues/_request_and_response.html.erb (1.5ms)
  Rendered /Users/mcoyle/.rvm/gems/ruby-2.3.1/gems/actionpack-5.0.0/lib/action_dispatch/middleware/templates/rescues/routing_error.html.erb within rescues/layout (190.7ms)
Started GET "/shops/new" for ::1 at 2016-08-01 21:17:17 -0400
Processing by ShopsController#new as HTML
  Rendering shops/new.html.erb within layouts/application
  Rendered shops/new.html.erb within layouts/application (10.8ms)
Completed 200 OK in 68ms (Views: 56.6ms | ActiveRecord: 0.0ms)


Started POST "/shops" for ::1 at 2016-08-01 21:17:19 -0400
  
AbstractController::ActionNotFound (The action 'create' could not be found for ShopsController):
  
actionpack (5.0.0) lib/abstract_controller/base.rb:121:in `process'
actionview (5.0.0) lib/action_view/rendering.rb:30:in `process'
actionpack (5.0.0) lib/action_controller/metal.rb:190:in `dispatch'
actionpack (5.0.0) lib/action_controller/metal.rb:262:in `dispatch'
actionpack (5.0.0) lib/action_dispatch/routing/route_set.rb:50:in `dispatch'
actionpack (5.0.0) lib/action_dispatch/routing/route_set.rb:32:in `serve'
actionpack (5.0.0) lib/action_dispatch/journey/router.rb:39:in `block in serve'
actionpack (5.0.0) lib/action_dispatch/journey/router.rb:26:in `each'
actionpack (5.0.0) lib/action_dispatch/journey/router.rb:26:in `serve'
actionpack (5.0.0) lib/action_dispatch/routing/route_set.rb:725:in `call'
rack (2.0.1) lib/rack/etag.rb:25:in `call'
rack (2.0.1) lib/rack/conditional_get.rb:38:in `call'
rack (2.0.1) lib/rack/head.rb:12:in `call'
rack (2.0.1) lib/rack/session/abstract/id.rb:222:in `context'
rack (2.0.1) lib/rack/session/abstract/id.rb:216:in `call'
actionpack (5.0.0) lib/action_dispatch/middleware/cookies.rb:613:in `call'
activerecord (5.0.0) lib/active_record/migration.rb:552:in `call'
actionpack (5.0.0) lib/action_dispatch/middleware/callbacks.rb:38:in `block in call'
activesupport (5.0.0) lib/active_support/callbacks.rb:97:in `__run_callbacks__'
activesupport (5.0.0) lib/active_support/callbacks.rb:750:in `_run_call_callbacks'
activesupport (5.0.0) lib/active_support/callbacks.rb:90:in `run_callbacks'
actionpack (5.0.0) lib/action_dispatch/middleware/callbacks.rb:36:in `call'
actionpack (5.0.0) lib/action_dispatch/middleware/executor.rb:12:in `call'
actionpack (5.0.0) lib/action_dispatch/middleware/remote_ip.rb:79:in `call'
actionpack (5.0.0) lib/action_dispatch/middleware/debug_exceptions.rb:49:in `call'
web-console (3.3.1) lib/web_console/middleware.rb:131:in `call_app'
web-console (3.3.1) lib/web_console/middleware.rb:28:in `block in call'
web-console (3.3.1) lib/web_console/middleware.rb:18:in `catch'
web-console (3.3.1) lib/web_console/middleware.rb:18:in `call'
actionpack (5.0.0) lib/action_dispatch/middleware/show_exceptions.rb:31:in `call'
railties (5.0.0) lib/rails/rack/logger.rb:36:in `call_app'
railties (5.0.0) lib/rails/rack/logger.rb:24:in `block in call'
activesupport (5.0.0) lib/active_support/tagged_logging.rb:70:in `block in tagged'
activesupport (5.0.0) lib/active_support/tagged_logging.rb:26:in `tagged'
activesupport (5.0.0) lib/active_support/tagged_logging.rb:70:in `tagged'
railties (5.0.0) lib/rails/rack/logger.rb:24:in `call'
sprockets-rails (3.1.1) lib/sprockets/rails/quiet_assets.rb:13:in `call'
actionpack (5.0.0) lib/action_dispatch/middleware/request_id.rb:24:in `call'
rack (2.0.1) lib/rack/method_override.rb:22:in `call'
rack (2.0.1) lib/rack/runtime.rb:22:in `call'
activesupport (5.0.0) lib/active_support/cache/strategy/local_cache_middleware.rb:28:in `call'
actionpack (5.0.0) lib/action_dispatch/middleware/executor.rb:12:in `call'
actionpack (5.0.0) lib/action_dispatch/middleware/static.rb:136:in `call'
rack (2.0.1) lib/rack/sendfile.rb:111:in `call'
railties (5.0.0) lib/rails/engine.rb:522:in `call'
puma (3.6.0) lib/puma/configuration.rb:225:in `call'
puma (3.6.0) lib/puma/server.rb:578:in `handle_request'
puma (3.6.0) lib/puma/server.rb:415:in `process_client'
puma (3.6.0) lib/puma/server.rb:275:in `block in run'
puma (3.6.0) lib/puma/thread_pool.rb:116:in `block in spawn_thread'
  Rendering /Users/mcoyle/.rvm/gems/ruby-2.3.1/gems/actionpack-5.0.0/lib/action_dispatch/middleware/templates/rescues/unknown_action.html.erb within rescues/layout
  Rendered /Users/mcoyle/.rvm/gems/ruby-2.3.1/gems/actionpack-5.0.0/lib/action_dispatch/middleware/templates/rescues/unknown_action.html.erb within rescues/layout (0.6ms)
Started GET "/shops/new" for ::1 at 2016-08-01 21:18:42 -0400
Processing by ShopsController#new as HTML
  Rendering shops/new.html.erb within layouts/application
  Rendered shops/new.html.erb within layouts/application (4.6ms)
Completed 200 OK in 41ms (Views: 37.2ms | ActiveRecord: 0.0ms)


Started POST "/shops" for ::1 at 2016-08-01 21:18:45 -0400
Processing by ShopsController#create as HTML
  Parameters: {"utf8"=>"✓", "authenticity_token"=>"JQaPHth4e2S+HtYi5Gb9JlBvuJyaFKOhPcOLFg+YNOrLdAGw91qakaxiL7yjuLqDzx+I6/YzE5ePiSKdbEXQjQ==", "shop"=>{"name"=>"", "type"=>""}, "commit"=>"Save Shop"}
  Rendering text template
  Rendered text template (0.1ms)
Completed 200 OK in 7ms (Views: 5.5ms | ActiveRecord: 0.0ms)


  [1m[35m (82.3ms)[0m  [1m[35mCREATE TABLE "schema_migrations" ("version" character varying PRIMARY KEY)[0m
  [1m[35m (7.7ms)[0m  [1m[35mCREATE TABLE "ar_internal_metadata" ("key" character varying PRIMARY KEY, "value" character varying, "created_at" timestamp NOT NULL, "updated_at" timestamp NOT NULL)[0m
  [1m[35m (4.5ms)[0m  [1m[34mSELECT pg_try_advisory_lock(1231090217252467950);[0m
  [1m[36mActiveRecord::SchemaMigration Load (0.7ms)[0m  [1m[34mSELECT "schema_migrations".* FROM "schema_migrations"[0m
Migrating to CreateShops (20160802011943)
  [1m[35m (1.7ms)[0m  [1m[35mBEGIN[0m
  [1m[35m (21.6ms)[0m  [1m[35mCREATE TABLE "shops" ("id" serial primary key, "name" character varying, "type" character varying, "created_at" timestamp NOT NULL, "updated_at" timestamp NOT NULL)[0m
  [1m[35mSQL (2.0ms)[0m  [1m[32mINSERT INTO "schema_migrations" ("version") VALUES ($1) RETURNING "version"[0m  [["version", "20160802011943"]]
  [1m[35m (0.8ms)[0m  [1m[35mCOMMIT[0m
  [1m[36mActiveRecord::InternalMetadata Load (1.3ms)[0m  [1m[34mSELECT  "ar_internal_metadata".* FROM "ar_internal_metadata" WHERE "ar_internal_metadata"."key" = $1 LIMIT $2[0m  [["key", :environment], ["LIMIT", 1]]
  [1m[35m (0.2ms)[0m  [1m[35mBEGIN[0m
  [1m[35mSQL (1.4ms)[0m  [1m[32mINSERT INTO "ar_internal_metadata" ("key", "value", "created_at", "updated_at") VALUES ($1, $2, $3, $4) RETURNING "key"[0m  [["key", "environment"], ["value", "development"], ["created_at", 2016-08-02 01:20:07 UTC], ["updated_at", 2016-08-02 01:20:07 UTC]]
  [1m[35m (0.5ms)[0m  [1m[35mCOMMIT[0m
  [1m[35m (0.2ms)[0m  [1m[34mSELECT pg_advisory_unlock(1231090217252467950)[0m
  [1m[36mActiveRecord::SchemaMigration Load (0.4ms)[0m  [1m[34mSELECT "schema_migrations".* FROM "schema_migrations"[0m
  [1m[35m (5.7ms)[0m  [1m[34mSELECT t2.oid::regclass::text AS to_table, a1.attname AS column, a2.attname AS primary_key, c.conname AS name, c.confupdtype AS on_update, c.confdeltype AS on_delete
FROM pg_constraint c
JOIN pg_class t1 ON c.conrelid = t1.oid
JOIN pg_class t2 ON c.confrelid = t2.oid
JOIN pg_attribute a1 ON a1.attnum = c.conkey[1] AND a1.attrelid = t1.oid
JOIN pg_attribute a2 ON a2.attnum = c.confkey[1] AND a2.attrelid = t2.oid
JOIN pg_namespace t3 ON c.connamespace = t3.oid
WHERE c.contype = 'f'
  AND t1.relname = 'shops'
  AND t3.nspname = ANY (current_schemas(false))
ORDER BY c.conname
[0m
Started GET "/shops/new" for ::1 at 2016-08-01 21:20:45 -0400
  [1m[36mActiveRecord::SchemaMigration Load (2.0ms)[0m  [1m[34mSELECT "schema_migrations".* FROM "schema_migrations"[0m
Processing by ShopsController#new as HTML
  Rendering shops/new.html.erb within layouts/application
  Rendered shops/new.html.erb within layouts/application (4.3ms)
Completed 200 OK in 60ms (Views: 55.4ms | ActiveRecord: 0.0ms)


Started POST "/shops" for ::1 at 2016-08-01 21:20:47 -0400
Processing by ShopsController#create as HTML
  Parameters: {"utf8"=>"✓", "authenticity_token"=>"ZJ9tFYKgpyNGFJqgOssFAc0K4Ulx8fR0BHUSCVa92q2K7eO7rYJG1lRoYz59FUKkUnrRPh3WREK2P7uCNWA+yg==", "shop"=>{"name"=>"", "type"=>""}, "commit"=>"Save Shop"}
Completed 500 Internal Server Error in 31ms (ActiveRecord: 15.6ms)


  
ActiveModel::ForbiddenAttributesError (ActiveModel::ForbiddenAttributesError):
  
app/controllers/shops_controller.rb:6:in `create'
  Rendering /Users/mcoyle/.rvm/gems/ruby-2.3.1/gems/actionpack-5.0.0/lib/action_dispatch/middleware/templates/rescues/diagnostics.html.erb within rescues/layout
  Rendering /Users/mcoyle/.rvm/gems/ruby-2.3.1/gems/actionpack-5.0.0/lib/action_dispatch/middleware/templates/rescues/_source.html.erb
  Rendered /Users/mcoyle/.rvm/gems/ruby-2.3.1/gems/actionpack-5.0.0/lib/action_dispatch/middleware/templates/rescues/_source.html.erb (6.8ms)
  Rendering /Users/mcoyle/.rvm/gems/ruby-2.3.1/gems/actionpack-5.0.0/lib/action_dispatch/middleware/templates/rescues/_trace.html.erb
  Rendered /Users/mcoyle/.rvm/gems/ruby-2.3.1/gems/actionpack-5.0.0/lib/action_dispatch/middleware/templates/rescues/_trace.html.erb (3.0ms)
  Rendering /Users/mcoyle/.rvm/gems/ruby-2.3.1/gems/actionpack-5.0.0/lib/action_dispatch/middleware/templates/rescues/_request_and_response.html.erb
  Rendered /Users/mcoyle/.rvm/gems/ruby-2.3.1/gems/actionpack-5.0.0/lib/action_dispatch/middleware/templates/rescues/_request_and_response.html.erb (3.0ms)
  Rendered /Users/mcoyle/.rvm/gems/ruby-2.3.1/gems/actionpack-5.0.0/lib/action_dispatch/middleware/templates/rescues/diagnostics.html.erb within rescues/layout (110.2ms)
Started GET "/shops/new" for ::1 at 2016-08-02 06:41:01 -0400
Processing by ShopsController#new as HTML
  Rendering shops/new.html.erb within layouts/application
  Rendered shops/new.html.erb within layouts/application (22.8ms)
Completed 200 OK in 224ms (Views: 193.9ms | ActiveRecord: 0.0ms)


Started GET "/shops/new" for ::1 at 2016-08-02 07:36:20 -0400
Processing by ShopsController#new as HTML
  Rendering shops/new.html.erb within layouts/application
  Rendered shops/new.html.erb within layouts/application (6.0ms)
Completed 200 OK in 64ms (Views: 53.1ms | ActiveRecord: 0.0ms)


Started POST "/shops" for ::1 at 2016-08-02 07:36:22 -0400
Processing by ShopsController#create as HTML
  Parameters: {"utf8"=>"✓", "authenticity_token"=>"gVhzWzyYFhXtKckiWx5vKCp/+MwNSkzyfIkIcm1VHF9vKv31E7r34P9VMLwcwCiNtQ/Iu2Ft/MTOw6H5Doj4OA==", "shop"=>{"name"=>"", "type"=>""}, "commit"=>"Save Shop"}
  [1m[35m (1.0ms)[0m  [1m[35mBEGIN[0m
  [1m[35mSQL (19.7ms)[0m  [1m[32mINSERT INTO "shops" ("name", "type", "created_at", "updated_at") VALUES ($1, $2, $3, $4) RETURNING "id"[0m  [["name", ""], ["type", ""], ["created_at", 2016-08-02 11:36:22 UTC], ["updated_at", 2016-08-02 11:36:22 UTC]]
  [1m[35m (1.6ms)[0m  [1m[35mCOMMIT[0m
Redirected to http://localhost:3000/shops/1
Completed 302 Found in 170ms (ActiveRecord: 96.0ms)


Started GET "/shops/1" for ::1 at 2016-08-02 07:36:22 -0400
  
AbstractController::ActionNotFound (The action 'show' could not be found for ShopsController):
  
actionpack (5.0.0) lib/abstract_controller/base.rb:121:in `process'
actionview (5.0.0) lib/action_view/rendering.rb:30:in `process'
actionpack (5.0.0) lib/action_controller/metal.rb:190:in `dispatch'
actionpack (5.0.0) lib/action_controller/metal.rb:262:in `dispatch'
actionpack (5.0.0) lib/action_dispatch/routing/route_set.rb:50:in `dispatch'
actionpack (5.0.0) lib/action_dispatch/routing/route_set.rb:32:in `serve'
actionpack (5.0.0) lib/action_dispatch/journey/router.rb:39:in `block in serve'
actionpack (5.0.0) lib/action_dispatch/journey/router.rb:26:in `each'
actionpack (5.0.0) lib/action_dispatch/journey/router.rb:26:in `serve'
actionpack (5.0.0) lib/action_dispatch/routing/route_set.rb:725:in `call'
rack (2.0.1) lib/rack/etag.rb:25:in `call'
rack (2.0.1) lib/rack/conditional_get.rb:25:in `call'
rack (2.0.1) lib/rack/head.rb:12:in `call'
rack (2.0.1) lib/rack/session/abstract/id.rb:222:in `context'
rack (2.0.1) lib/rack/session/abstract/id.rb:216:in `call'
actionpack (5.0.0) lib/action_dispatch/middleware/cookies.rb:613:in `call'
activerecord (5.0.0) lib/active_record/migration.rb:552:in `call'
actionpack (5.0.0) lib/action_dispatch/middleware/callbacks.rb:38:in `block in call'
activesupport (5.0.0) lib/active_support/callbacks.rb:97:in `__run_callbacks__'
activesupport (5.0.0) lib/active_support/callbacks.rb:750:in `_run_call_callbacks'
activesupport (5.0.0) lib/active_support/callbacks.rb:90:in `run_callbacks'
actionpack (5.0.0) lib/action_dispatch/middleware/callbacks.rb:36:in `call'
actionpack (5.0.0) lib/action_dispatch/middleware/executor.rb:12:in `call'
actionpack (5.0.0) lib/action_dispatch/middleware/remote_ip.rb:79:in `call'
actionpack (5.0.0) lib/action_dispatch/middleware/debug_exceptions.rb:49:in `call'
web-console (3.3.1) lib/web_console/middleware.rb:131:in `call_app'
web-console (3.3.1) lib/web_console/middleware.rb:28:in `block in call'
web-console (3.3.1) lib/web_console/middleware.rb:18:in `catch'
web-console (3.3.1) lib/web_console/middleware.rb:18:in `call'
actionpack (5.0.0) lib/action_dispatch/middleware/show_exceptions.rb:31:in `call'
railties (5.0.0) lib/rails/rack/logger.rb:36:in `call_app'
railties (5.0.0) lib/rails/rack/logger.rb:24:in `block in call'
activesupport (5.0.0) lib/active_support/tagged_logging.rb:70:in `block in tagged'
activesupport (5.0.0) lib/active_support/tagged_logging.rb:26:in `tagged'
activesupport (5.0.0) lib/active_support/tagged_logging.rb:70:in `tagged'
railties (5.0.0) lib/rails/rack/logger.rb:24:in `call'
sprockets-rails (3.1.1) lib/sprockets/rails/quiet_assets.rb:13:in `call'
actionpack (5.0.0) lib/action_dispatch/middleware/request_id.rb:24:in `call'
rack (2.0.1) lib/rack/method_override.rb:22:in `call'
rack (2.0.1) lib/rack/runtime.rb:22:in `call'
activesupport (5.0.0) lib/active_support/cache/strategy/local_cache_middleware.rb:28:in `call'
actionpack (5.0.0) lib/action_dispatch/middleware/executor.rb:12:in `call'
actionpack (5.0.0) lib/action_dispatch/middleware/static.rb:136:in `call'
rack (2.0.1) lib/rack/sendfile.rb:111:in `call'
railties (5.0.0) lib/rails/engine.rb:522:in `call'
puma (3.6.0) lib/puma/configuration.rb:225:in `call'
puma (3.6.0) lib/puma/server.rb:578:in `handle_request'
puma (3.6.0) lib/puma/server.rb:415:in `process_client'
puma (3.6.0) lib/puma/server.rb:275:in `block in run'
puma (3.6.0) lib/puma/thread_pool.rb:116:in `block in spawn_thread'
  Rendering /Users/mcoyle/.rvm/gems/ruby-2.3.1/gems/actionpack-5.0.0/lib/action_dispatch/middleware/templates/rescues/unknown_action.html.erb within rescues/layout
  Rendered /Users/mcoyle/.rvm/gems/ruby-2.3.1/gems/actionpack-5.0.0/lib/action_dispatch/middleware/templates/rescues/unknown_action.html.erb within rescues/layout (0.6ms)
Started GET "/shops/new" for ::1 at 2016-08-02 07:42:28 -0400
Processing by ShopsController#new as HTML
  Rendering shops/new.html.erb within layouts/application
  Rendered shops/new.html.erb within layouts/application (5.5ms)
Completed 200 OK in 68ms (Views: 63.4ms | ActiveRecord: 0.0ms)


Started POST "/shops" for ::1 at 2016-08-02 07:42:37 -0400
Processing by ShopsController#create as HTML
  Parameters: {"utf8"=>"✓", "authenticity_token"=>"44IyoFRbCX3ZCup7hqrGnzDEF+HDd7Vrf6OIb9v1Y48N8LwOe3noiMt2E+XBdIE6r7Qnlq9QBV3N6SHkuCiH6A==", "shop"=>{"name"=>"Coffee JAms", "type"=>"chain"}, "commit"=>"Save Shop"}
Completed 500 Internal Server Error in 45ms (ActiveRecord: 25.4ms)


  
ActiveRecord::SubclassNotFound (The single-table inheritance mechanism failed to locate the subclass: 'chain'. This error is raised because the column 'type' is reserved for storing the class in case of inheritance. Please rename this column if you didn't intend it to be used for storing the inheritance class or overwrite Shop.inheritance_column to use another column for that information.):
  
app/controllers/shops_controller.rb:10:in `create'
  Rendering /Users/mcoyle/.rvm/gems/ruby-2.3.1/gems/actionpack-5.0.0/lib/action_dispatch/middleware/templates/rescues/diagnostics.html.erb within rescues/layout
  Rendering /Users/mcoyle/.rvm/gems/ruby-2.3.1/gems/actionpack-5.0.0/lib/action_dispatch/middleware/templates/rescues/_source.html.erb
  Rendered /Users/mcoyle/.rvm/gems/ruby-2.3.1/gems/actionpack-5.0.0/lib/action_dispatch/middleware/templates/rescues/_source.html.erb (6.5ms)
  Rendering /Users/mcoyle/.rvm/gems/ruby-2.3.1/gems/actionpack-5.0.0/lib/action_dispatch/middleware/templates/rescues/_trace.html.erb
  Rendered /Users/mcoyle/.rvm/gems/ruby-2.3.1/gems/actionpack-5.0.0/lib/action_dispatch/middleware/templates/rescues/_trace.html.erb (3.4ms)
  Rendering /Users/mcoyle/.rvm/gems/ruby-2.3.1/gems/actionpack-5.0.0/lib/action_dispatch/middleware/templates/rescues/_request_and_response.html.erb
  Rendered /Users/mcoyle/.rvm/gems/ruby-2.3.1/gems/actionpack-5.0.0/lib/action_dispatch/middleware/templates/rescues/_request_and_response.html.erb (2.0ms)
  Rendered /Users/mcoyle/.rvm/gems/ruby-2.3.1/gems/actionpack-5.0.0/lib/action_dispatch/middleware/templates/rescues/diagnostics.html.erb within rescues/layout (132.0ms)
  [1m[35m (0.4ms)[0m  [1m[34mSELECT pg_try_advisory_lock(1231090217252467950);[0m
  [1m[36mActiveRecord::SchemaMigration Load (1.7ms)[0m  [1m[34mSELECT "schema_migrations".* FROM "schema_migrations"[0m
Migrating to FixTypeColumn (20160802114415)
  [1m[35m (0.3ms)[0m  [1m[35mBEGIN[0m
  [1m[35m (11.0ms)[0m  [1m[35mALTER TABLE "shops" RENAME COLUMN "type" TO "shop_type"[0m
  [1m[35mSQL (2.6ms)[0m  [1m[32mINSERT INTO "schema_migrations" ("version") VALUES ($1) RETURNING "version"[0m  [["version", "20160802114415"]]
  [1m[35m (1.7ms)[0m  [1m[35mCOMMIT[0m
  [1m[36mActiveRecord::InternalMetadata Load (3.8ms)[0m  [1m[34mSELECT  "ar_internal_metadata".* FROM "ar_internal_metadata" WHERE "ar_internal_metadata"."key" = $1 LIMIT $2[0m  [["key", :environment], ["LIMIT", 1]]
  [1m[35m (0.1ms)[0m  [1m[35mBEGIN[0m
  [1m[35m (0.1ms)[0m  [1m[35mCOMMIT[0m
  [1m[35m (0.4ms)[0m  [1m[34mSELECT pg_advisory_unlock(1231090217252467950)[0m
  [1m[36mActiveRecord::SchemaMigration Load (0.3ms)[0m  [1m[34mSELECT "schema_migrations".* FROM "schema_migrations"[0m
  [1m[35m (6.7ms)[0m  [1m[34mSELECT t2.oid::regclass::text AS to_table, a1.attname AS column, a2.attname AS primary_key, c.conname AS name, c.confupdtype AS on_update, c.confdeltype AS on_delete
FROM pg_constraint c
JOIN pg_class t1 ON c.conrelid = t1.oid
JOIN pg_class t2 ON c.confrelid = t2.oid
JOIN pg_attribute a1 ON a1.attnum = c.conkey[1] AND a1.attrelid = t1.oid
JOIN pg_attribute a2 ON a2.attnum = c.confkey[1] AND a2.attrelid = t2.oid
JOIN pg_namespace t3 ON c.connamespace = t3.oid
WHERE c.contype = 'f'
  AND t1.relname = 'shops'
  AND t3.nspname = ANY (current_schemas(false))
ORDER BY c.conname
[0m
Started POST "/shops" for ::1 at 2016-08-02 07:47:17 -0400
  [1m[36mActiveRecord::SchemaMigration Load (0.4ms)[0m  [1m[34mSELECT "schema_migrations".* FROM "schema_migrations"[0m
Processing by ShopsController#create as HTML
  Parameters: {"utf8"=>"✓", "authenticity_token"=>"44IyoFRbCX3ZCup7hqrGnzDEF+HDd7Vrf6OIb9v1Y48N8LwOe3noiMt2E+XBdIE6r7Qnlq9QBV3N6SHkuCiH6A==", "shop"=>{"name"=>"Coffee JAms", "type"=>"chain"}, "commit"=>"Save Shop"}
Unpermitted parameter: type
  [1m[35m (0.2ms)[0m  [1m[35mBEGIN[0m
  [1m[35mSQL (8.2ms)[0m  [1m[32mINSERT INTO "shops" ("name", "created_at", "updated_at") VALUES ($1, $2, $3) RETURNING "id"[0m  [["name", "Coffee JAms"], ["created_at", 2016-08-02 11:47:18 UTC], ["updated_at", 2016-08-02 11:47:18 UTC]]
  [1m[35m (2.8ms)[0m  [1m[35mCOMMIT[0m
Redirected to http://localhost:3000/shops/2
Completed 302 Found in 73ms (ActiveRecord: 32.2ms)


Started GET "/shops/2" for ::1 at 2016-08-02 07:47:18 -0400
Processing by ShopsController#show as HTML
  Parameters: {"id"=>"2"}
  [1m[36mShop Load (14.1ms)[0m  [1m[34mSELECT  "shops".* FROM "shops" WHERE "shops"."id" = $1 LIMIT $2[0m  [["id", 2], ["LIMIT", 1]]
  Rendering shops/show.html.erb within layouts/application
  Rendered shops/show.html.erb within layouts/application (2.1ms)
Completed 200 OK in 86ms (Views: 50.8ms | ActiveRecord: 14.1ms)


Started POST "/shops" for ::1 at 2016-08-02 07:47:27 -0400
Processing by ShopsController#create as HTML
  Parameters: {"utf8"=>"✓", "authenticity_token"=>"44IyoFRbCX3ZCup7hqrGnzDEF+HDd7Vrf6OIb9v1Y48N8LwOe3noiMt2E+XBdIE6r7Qnlq9QBV3N6SHkuCiH6A==", "shop"=>{"name"=>"Coffee JAms", "type"=>"hipster"}, "commit"=>"Save Shop"}
Unpermitted parameter: type
  [1m[35m (0.2ms)[0m  [1m[35mBEGIN[0m
  [1m[35mSQL (1.5ms)[0m  [1m[32mINSERT INTO "shops" ("name", "created_at", "updated_at") VALUES ($1, $2, $3) RETURNING "id"[0m  [["name", "Coffee JAms"], ["created_at", 2016-08-02 11:47:27 UTC], ["updated_at", 2016-08-02 11:47:27 UTC]]
  [1m[35m (0.5ms)[0m  [1m[35mCOMMIT[0m
Redirected to http://localhost:3000/shops/3
Completed 302 Found in 10ms (ActiveRecord: 2.1ms)


Started GET "/shops/3" for ::1 at 2016-08-02 07:47:27 -0400
Processing by ShopsController#show as HTML
  Parameters: {"id"=>"3"}
  [1m[36mShop Load (0.5ms)[0m  [1m[34mSELECT  "shops".* FROM "shops" WHERE "shops"."id" = $1 LIMIT $2[0m  [["id", 3], ["LIMIT", 1]]
  Rendering shops/show.html.erb within layouts/application
  Rendered shops/show.html.erb within layouts/application (0.7ms)
Completed 200 OK in 33ms (Views: 29.6ms | ActiveRecord: 0.5ms)


Started GET "/shops/new" for ::1 at 2016-08-02 07:48:54 -0400
Processing by ShopsController#new as HTML
  Rendering shops/new.html.erb within layouts/application
  Rendered shops/new.html.erb within layouts/application (13.5ms)
Completed 200 OK in 87ms (Views: 76.1ms | ActiveRecord: 0.0ms)


Started POST "/shops" for ::1 at 2016-08-02 07:49:00 -0400
Processing by ShopsController#create as HTML
  Parameters: {"utf8"=>"✓", "authenticity_token"=>"pqiSKOoJCaOFhMiYZam1zBIfYEw24pMuIlFVhS+uZDVI2hyGxSvoVpf4MQYid/JpjW9QO1rFIxiQG/wOTHOAUg==", "shop"=>{"name"=>"Coffee JAms", "shop_type"=>"Good"}, "commit"=>"Save Shop"}
Completed 500 Internal Server Error in 8ms (ActiveRecord: 0.0ms)


  
ActiveModel::UnknownAttributeError (unknown attribute 'shop_type' for Shop.):
  
app/controllers/shops_controller.rb:10:in `create'
  Rendering /Users/mcoyle/.rvm/gems/ruby-2.3.1/gems/actionpack-5.0.0/lib/action_dispatch/middleware/templates/rescues/diagnostics.html.erb within rescues/layout
  Rendering /Users/mcoyle/.rvm/gems/ruby-2.3.1/gems/actionpack-5.0.0/lib/action_dispatch/middleware/templates/rescues/_source.html.erb
  Rendered /Users/mcoyle/.rvm/gems/ruby-2.3.1/gems/actionpack-5.0.0/lib/action_dispatch/middleware/templates/rescues/_source.html.erb (7.1ms)
  Rendering /Users/mcoyle/.rvm/gems/ruby-2.3.1/gems/actionpack-5.0.0/lib/action_dispatch/middleware/templates/rescues/_trace.html.erb
  Rendered /Users/mcoyle/.rvm/gems/ruby-2.3.1/gems/actionpack-5.0.0/lib/action_dispatch/middleware/templates/rescues/_trace.html.erb (3.9ms)
  Rendering /Users/mcoyle/.rvm/gems/ruby-2.3.1/gems/actionpack-5.0.0/lib/action_dispatch/middleware/templates/rescues/_request_and_response.html.erb
  Rendered /Users/mcoyle/.rvm/gems/ruby-2.3.1/gems/actionpack-5.0.0/lib/action_dispatch/middleware/templates/rescues/_request_and_response.html.erb (4.5ms)
  Rendered /Users/mcoyle/.rvm/gems/ruby-2.3.1/gems/actionpack-5.0.0/lib/action_dispatch/middleware/templates/rescues/diagnostics.html.erb within rescues/layout (109.4ms)
Started GET "/shops/new" for ::1 at 2016-08-02 07:49:34 -0400
Processing by ShopsController#new as HTML
  Rendering shops/new.html.erb within layouts/application
  Rendered shops/new.html.erb within layouts/application (5.8ms)
Completed 200 OK in 66ms (Views: 61.9ms | ActiveRecord: 0.0ms)


  [1m[36mActiveRecord::SchemaMigration Load (2.1ms)[0m  [1m[34mSELECT "schema_migrations".* FROM "schema_migrations"[0m
  [1m[35m (1.4ms)[0m  [1m[34mSELECT "ar_internal_metadata"."value" FROM "ar_internal_metadata" WHERE "ar_internal_metadata"."key" = $1[0m  [["key", :environment]]
  [1m[36mActiveRecord::SchemaMigration Load (0.3ms)[0m  [1m[34mSELECT "schema_migrations".* FROM "schema_migrations"[0m
  [1m[35m (0.2ms)[0m  [1m[34mSELECT "ar_internal_metadata"."value" FROM "ar_internal_metadata" WHERE "ar_internal_metadata"."key" = $1[0m  [["key", :environment]]
  [1m[36mActiveRecord::SchemaMigration Load (0.2ms)[0m  [1m[34mSELECT "schema_migrations".* FROM "schema_migrations"[0m
  [1m[35m (0.3ms)[0m  [1m[34mSELECT "ar_internal_metadata"."value" FROM "ar_internal_metadata" WHERE "ar_internal_metadata"."key" = $1[0m  [["key", :environment]]
  [1m[35m (155.8ms)[0m  [1m[35mDROP DATABASE IF EXISTS "coffee_check_development"[0m
  [1m[35m (130.6ms)[0m  [1m[35mDROP DATABASE IF EXISTS "coffee_check_test"[0m
  [1m[35m (1522.3ms)[0m  [1m[35mCREATE DATABASE "coffee_check_development" ENCODING = 'unicode'[0m
  [1m[35m (486.3ms)[0m  [1m[35mCREATE DATABASE "coffee_check_test" ENCODING = 'unicode'[0m
  [1m[35mSQL (5.4ms)[0m  [1m[35mCREATE EXTENSION IF NOT EXISTS "plpgsql"[0m
  [1m[35m (34.0ms)[0m  [1m[35mCREATE TABLE "shops" ("id" serial primary key, "name" character varying, "shop_type" character varying, "created_at" timestamp NOT NULL, "updated_at" timestamp NOT NULL)[0m
  [1m[35m (6.9ms)[0m  [1m[35mCREATE TABLE "schema_migrations" ("version" character varying PRIMARY KEY)[0m
  [1m[35m (0.6ms)[0m  [1m[34mSELECT version FROM "schema_migrations"[0m
  [1m[35m (0.8ms)[0m  [1m[32mINSERT INTO "schema_migrations" (version) VALUES ('20160802114415')[0m
  [1m[35m (0.5ms)[0m  [1m[32mINSERT INTO schema_migrations (version) VALUES ('20160802011943');

[0m
  [1m[35m (6.4ms)[0m  [1m[35mCREATE TABLE "ar_internal_metadata" ("key" character varying PRIMARY KEY, "value" character varying, "created_at" timestamp NOT NULL, "updated_at" timestamp NOT NULL)[0m
  [1m[36mActiveRecord::InternalMetadata Load (0.7ms)[0m  [1m[34mSELECT  "ar_internal_metadata".* FROM "ar_internal_metadata" WHERE "ar_internal_metadata"."key" = $1 LIMIT $2[0m  [["key", :environment], ["LIMIT", 1]]
  [1m[35m (0.2ms)[0m  [1m[35mBEGIN[0m
  [1m[35mSQL (0.6ms)[0m  [1m[32mINSERT INTO "ar_internal_metadata" ("key", "value", "created_at", "updated_at") VALUES ($1, $2, $3, $4) RETURNING "key"[0m  [["key", "environment"], ["value", "development"], ["created_at", 2016-08-02 11:50:33 UTC], ["updated_at", 2016-08-02 11:50:33 UTC]]
  [1m[35m (0.4ms)[0m  [1m[35mCOMMIT[0m
  [1m[36mActiveRecord::InternalMetadata Load (0.3ms)[0m  [1m[34mSELECT  "ar_internal_metadata".* FROM "ar_internal_metadata" WHERE "ar_internal_metadata"."key" = $1 LIMIT $2[0m  [["key", :environment], ["LIMIT", 1]]
  [1m[35m (0.1ms)[0m  [1m[35mBEGIN[0m
  [1m[35m (0.1ms)[0m  [1m[35mCOMMIT[0m
  [1m[35mSQL (0.4ms)[0m  [1m[35mCREATE EXTENSION IF NOT EXISTS "plpgsql"[0m
  [1m[35m (17.2ms)[0m  [1m[35mCREATE TABLE "shops" ("id" serial primary key, "name" character varying, "shop_type" character varying, "created_at" timestamp NOT NULL, "updated_at" timestamp NOT NULL)[0m
  [1m[35m (6.1ms)[0m  [1m[35mCREATE TABLE "schema_migrations" ("version" character varying PRIMARY KEY)[0m
  [1m[35m (0.6ms)[0m  [1m[34mSELECT version FROM "schema_migrations"[0m
  [1m[35m (0.6ms)[0m  [1m[32mINSERT INTO "schema_migrations" (version) VALUES ('20160802114415')[0m
  [1m[35m (0.4ms)[0m  [1m[32mINSERT INTO schema_migrations (version) VALUES ('20160802011943');

[0m
  [1m[35m (8.1ms)[0m  [1m[35mCREATE TABLE "ar_internal_metadata" ("key" character varying PRIMARY KEY, "value" character varying, "created_at" timestamp NOT NULL, "updated_at" timestamp NOT NULL)[0m
  [1m[36mActiveRecord::InternalMetadata Load (1.2ms)[0m  [1m[34mSELECT  "ar_internal_metadata".* FROM "ar_internal_metadata" WHERE "ar_internal_metadata"."key" = $1 LIMIT $2[0m  [["key", :environment], ["LIMIT", 1]]
  [1m[35m (0.1ms)[0m  [1m[35mBEGIN[0m
  [1m[35mSQL (0.4ms)[0m  [1m[32mINSERT INTO "ar_internal_metadata" ("key", "value", "created_at", "updated_at") VALUES ($1, $2, $3, $4) RETURNING "key"[0m  [["key", "environment"], ["value", "development"], ["created_at", 2016-08-02 11:50:33 UTC], ["updated_at", 2016-08-02 11:50:33 UTC]]
  [1m[35m (0.4ms)[0m  [1m[35mCOMMIT[0m
  [1m[36mActiveRecord::InternalMetadata Load (0.3ms)[0m  [1m[34mSELECT  "ar_internal_metadata".* FROM "ar_internal_metadata" WHERE "ar_internal_metadata"."key" = $1 LIMIT $2[0m  [["key", :environment], ["LIMIT", 1]]
  [1m[35m (0.1ms)[0m  [1m[35mBEGIN[0m
  [1m[35m (0.1ms)[0m  [1m[35mCOMMIT[0m
  [1m[36mActiveRecord::SchemaMigration Load (0.5ms)[0m  [1m[34mSELECT "schema_migrations".* FROM "schema_migrations"[0m
Started GET "/shops/new" for ::1 at 2016-08-02 07:50:47 -0400
  [1m[36mActiveRecord::SchemaMigration Load (0.8ms)[0m  [1m[34mSELECT "schema_migrations".* FROM "schema_migrations"[0m
Processing by ShopsController#new as HTML
  Rendering shops/new.html.erb within layouts/application
  Rendered shops/new.html.erb within layouts/application (82.7ms)
Completed 200 OK in 629ms (Views: 614.4ms | ActiveRecord: 0.0ms)


Started POST "/shops" for ::1 at 2016-08-02 07:50:54 -0400
Processing by ShopsController#create as HTML
  Parameters: {"utf8"=>"✓", "authenticity_token"=>"0oGSSipE8In5ynIGNo9G1RO9p5nsVoNtyA2jtOC6MxU88xzkBWYRfOu2i5hxUQFwjM2X7oBxM1t6Rwo/g2fXcg==", "shop"=>{"name"=>"Coffee JAms", "shop_type"=>"Good"}, "commit"=>"Save Shop"}
  [1m[35m (0.2ms)[0m  [1m[35mBEGIN[0m
  [1m[35mSQL (2.1ms)[0m  [1m[32mINSERT INTO "shops" ("name", "shop_type", "created_at", "updated_at") VALUES ($1, $2, $3, $4) RETURNING "id"[0m  [["name", "Coffee JAms"], ["shop_type", "Good"], ["created_at", 2016-08-02 11:50:54 UTC], ["updated_at", 2016-08-02 11:50:54 UTC]]
  [1m[35m (0.5ms)[0m  [1m[35mCOMMIT[0m
Redirected to http://localhost:3000/shops/1
Completed 302 Found in 58ms (ActiveRecord: 26.8ms)


Started GET "/shops/1" for ::1 at 2016-08-02 07:50:54 -0400
Processing by ShopsController#show as HTML
  Parameters: {"id"=>"1"}
  [1m[36mShop Load (0.7ms)[0m  [1m[34mSELECT  "shops".* FROM "shops" WHERE "shops"."id" = $1 LIMIT $2[0m  [["id", 1], ["LIMIT", 1]]
  Rendering shops/show.html.erb within layouts/application
  Rendered shops/show.html.erb within layouts/application (0.6ms)
Completed 200 OK in 39ms (Views: 27.9ms | ActiveRecord: 1.1ms)


Started GET "/shops/" for ::1 at 2016-08-02 07:57:19 -0400
Processing by ShopsController#index as HTML
  Rendering shops/index.html.erb within layouts/application
  Rendered shops/index.html.erb within layouts/application (47.1ms)
Completed 500 Internal Server Error in 66ms (ActiveRecord: 0.0ms)


  
ActionView::Template::Error (undefined method `each' for nil:NilClass):
    1: <h1>Shops</h1>
    2: <p>
    3:   <% @shops.each do |shop| %>
    4:     <%= link_to shop.name, shop_path(shop) %>
    5:   <% end %>
    6: </p>
  
app/views/shops/index.html.erb:3:in `_app_views_shops_index_html_erb___384943227024888874_70112165171120'
  Rendering /Users/mcoyle/.rvm/gems/ruby-2.3.1/gems/actionpack-5.0.0/lib/action_dispatch/middleware/templates/rescues/template_error.html.erb within rescues/layout
  Rendering /Users/mcoyle/.rvm/gems/ruby-2.3.1/gems/actionpack-5.0.0/lib/action_dispatch/middleware/templates/rescues/_source.html.erb
  Rendered /Users/mcoyle/.rvm/gems/ruby-2.3.1/gems/actionpack-5.0.0/lib/action_dispatch/middleware/templates/rescues/_source.html.erb (5.9ms)
  Rendering /Users/mcoyle/.rvm/gems/ruby-2.3.1/gems/actionpack-5.0.0/lib/action_dispatch/middleware/templates/rescues/_trace.html.erb
  Rendered /Users/mcoyle/.rvm/gems/ruby-2.3.1/gems/actionpack-5.0.0/lib/action_dispatch/middleware/templates/rescues/_trace.html.erb (4.2ms)
  Rendering /Users/mcoyle/.rvm/gems/ruby-2.3.1/gems/actionpack-5.0.0/lib/action_dispatch/middleware/templates/rescues/_request_and_response.html.erb
  Rendered /Users/mcoyle/.rvm/gems/ruby-2.3.1/gems/actionpack-5.0.0/lib/action_dispatch/middleware/templates/rescues/_request_and_response.html.erb (1.0ms)
  Rendered /Users/mcoyle/.rvm/gems/ruby-2.3.1/gems/actionpack-5.0.0/lib/action_dispatch/middleware/templates/rescues/template_error.html.erb within rescues/layout (114.8ms)
Started GET "/shops/" for ::1 at 2016-08-02 07:57:46 -0400
Processing by ShopsController#index as HTML
  Rendering shops/index.html.erb within layouts/application
  [1m[36mShop Load (1.5ms)[0m  [1m[34mSELECT "shops".* FROM "shops"[0m
  Rendered shops/index.html.erb within layouts/application (28.1ms)
Completed 200 OK in 71ms (Views: 49.8ms | ActiveRecord: 14.9ms)


Started GET "/shops/1" for ::1 at 2016-08-02 07:57:47 -0400
Processing by ShopsController#show as HTML
  Parameters: {"id"=>"1"}
  [1m[36mShop Load (1.0ms)[0m  [1m[34mSELECT  "shops".* FROM "shops" WHERE "shops"."id" = $1 LIMIT $2[0m  [["id", 1], ["LIMIT", 1]]
  Rendering shops/show.html.erb within layouts/application
  Rendered shops/show.html.erb within layouts/application (1.2ms)
Completed 200 OK in 41ms (Views: 34.1ms | ActiveRecord: 1.0ms)


Started GET "/" for ::1 at 2016-08-02 07:59:06 -0400
Processing by WelcomeController#index as HTML
  Rendering welcome/index.html.erb within layouts/application
  Rendered welcome/index.html.erb within layouts/application (5.8ms)
Completed 200 OK in 119ms (Views: 108.1ms | ActiveRecord: 0.0ms)


Started GET "/shops" for ::1 at 2016-08-02 07:59:08 -0400
Processing by ShopsController#index as HTML
  Rendering shops/index.html.erb within layouts/application
  [1m[36mShop Load (1.9ms)[0m  [1m[34mSELECT "shops".* FROM "shops"[0m
  Rendered shops/index.html.erb within layouts/application (8.3ms)
Completed 200 OK in 49ms (Views: 43.7ms | ActiveRecord: 1.9ms)


Started GET "/shops" for ::1 at 2016-08-02 08:00:08 -0400
Processing by ShopsController#index as HTML
  Rendering shops/index.html.erb within layouts/application
  [1m[36mShop Load (2.2ms)[0m  [1m[34mSELECT "shops".* FROM "shops"[0m
  Rendered shops/index.html.erb within layouts/application (15.8ms)
Completed 200 OK in 120ms (Views: 102.6ms | ActiveRecord: 2.2ms)


Started GET "/shops/new" for ::1 at 2016-08-02 08:00:09 -0400
Processing by ShopsController#new as HTML
  Rendering shops/new.html.erb within layouts/application
  Rendered shops/new.html.erb within layouts/application (10.4ms)
Completed 200 OK in 60ms (Views: 53.9ms | ActiveRecord: 0.0ms)


Started GET "/shops" for ::1 at 2016-08-02 08:00:18 -0400
Processing by ShopsController#index as HTML
  Rendering shops/index.html.erb within layouts/application
  [1m[36mShop Load (0.8ms)[0m  [1m[34mSELECT "shops".* FROM "shops"[0m
  Rendered shops/index.html.erb within layouts/application (3.5ms)
Completed 200 OK in 49ms (Views: 44.0ms | ActiveRecord: 0.8ms)


Started GET "/" for ::1 at 2016-08-02 08:00:20 -0400
Processing by WelcomeController#index as HTML
  Rendering welcome/index.html.erb within layouts/application
  Rendered welcome/index.html.erb within layouts/application (3.2ms)
Completed 200 OK in 43ms (Views: 38.6ms | ActiveRecord: 0.0ms)


Started GET "/" for ::1 at 2016-08-02 08:01:35 -0400
Processing by WelcomeController#index as HTML
  Rendering welcome/index.html.erb within layouts/application
  Rendered welcome/index.html.erb within layouts/application (2.2ms)
Completed 200 OK in 46ms (Views: 41.5ms | ActiveRecord: 0.0ms)


Started GET "/shops" for ::1 at 2016-08-02 08:01:38 -0400
Processing by ShopsController#index as HTML
  Rendering shops/index.html.erb within layouts/application
  [1m[36mShop Load (2.9ms)[0m  [1m[34mSELECT "shops".* FROM "shops"[0m
  Rendered shops/index.html.erb within layouts/application (11.8ms)
Completed 200 OK in 47ms (Views: 40.4ms | ActiveRecord: 2.9ms)


Started GET "/shops/new" for ::1 at 2016-08-02 08:01:39 -0400
Processing by ShopsController#new as HTML
  Rendering shops/new.html.erb within layouts/application
  Rendered shops/new.html.erb within layouts/application (7.3ms)
Completed 200 OK in 41ms (Views: 36.3ms | ActiveRecord: 0.0ms)


Started GET "/shops" for ::1 at 2016-08-02 08:01:39 -0400
Processing by ShopsController#index as HTML
  Rendering shops/index.html.erb within layouts/application
  [1m[36mShop Load (0.8ms)[0m  [1m[34mSELECT "shops".* FROM "shops"[0m
  Rendered shops/index.html.erb within layouts/application (3.0ms)
Completed 200 OK in 52ms (Views: 48.1ms | ActiveRecord: 0.8ms)


Started GET "/shops/1" for ::1 at 2016-08-02 08:01:41 -0400
Processing by ShopsController#show as HTML
  Parameters: {"id"=>"1"}
  [1m[36mShop Load (0.9ms)[0m  [1m[34mSELECT  "shops".* FROM "shops" WHERE "shops"."id" = $1 LIMIT $2[0m  [["id", 1], ["LIMIT", 1]]
  Rendering shops/show.html.erb within layouts/application
  Rendered shops/show.html.erb within layouts/application (0.9ms)
Completed 200 OK in 41ms (Views: 33.9ms | ActiveRecord: 0.9ms)


Started GET "/shops" for ::1 at 2016-08-02 08:01:41 -0400
Processing by ShopsController#index as HTML
  Rendering shops/index.html.erb within layouts/application
  [1m[36mShop Load (1.0ms)[0m  [1m[34mSELECT "shops".* FROM "shops"[0m
  Rendered shops/index.html.erb within layouts/application (3.7ms)
Completed 200 OK in 42ms (Views: 38.2ms | ActiveRecord: 1.0ms)


Started GET "/shops/new" for ::1 at 2016-08-02 08:06:54 -0400
Processing by ShopsController#new as HTML
Completed 400 Bad Request in 21ms (ActiveRecord: 0.0ms)


  
ActionController::ParameterMissing (param is missing or the value is empty: shop):
  
app/controllers/shops_controller.rb:29:in `shop_params'
app/controllers/shops_controller.rb:11:in `new'
  Rendering /Users/mcoyle/.rvm/gems/ruby-2.3.1/gems/actionpack-5.0.0/lib/action_dispatch/middleware/templates/rescues/diagnostics.html.erb within rescues/layout
  Rendering /Users/mcoyle/.rvm/gems/ruby-2.3.1/gems/actionpack-5.0.0/lib/action_dispatch/middleware/templates/rescues/_source.html.erb
  Rendered /Users/mcoyle/.rvm/gems/ruby-2.3.1/gems/actionpack-5.0.0/lib/action_dispatch/middleware/templates/rescues/_source.html.erb (4.9ms)
  Rendering /Users/mcoyle/.rvm/gems/ruby-2.3.1/gems/actionpack-5.0.0/lib/action_dispatch/middleware/templates/rescues/_trace.html.erb
  Rendered /Users/mcoyle/.rvm/gems/ruby-2.3.1/gems/actionpack-5.0.0/lib/action_dispatch/middleware/templates/rescues/_trace.html.erb (4.9ms)
  Rendering /Users/mcoyle/.rvm/gems/ruby-2.3.1/gems/actionpack-5.0.0/lib/action_dispatch/middleware/templates/rescues/_request_and_response.html.erb
  Rendered /Users/mcoyle/.rvm/gems/ruby-2.3.1/gems/actionpack-5.0.0/lib/action_dispatch/middleware/templates/rescues/_request_and_response.html.erb (1.5ms)
  Rendered /Users/mcoyle/.rvm/gems/ruby-2.3.1/gems/actionpack-5.0.0/lib/action_dispatch/middleware/templates/rescues/diagnostics.html.erb within rescues/layout (110.6ms)
Started GET "/shops" for ::1 at 2016-08-02 08:09:17 -0400
Processing by ShopsController#index as HTML
  Rendering shops/index.html.erb within layouts/application
  [1m[36mShop Load (0.8ms)[0m  [1m[34mSELECT "shops".* FROM "shops"[0m
  Rendered shops/index.html.erb within layouts/application (38.8ms)
Completed 200 OK in 174ms (Views: 145.7ms | ActiveRecord: 10.3ms)


Started GET "/shops" for ::1 at 2016-08-02 08:09:18 -0400
Processing by ShopsController#index as HTML
  Rendering shops/index.html.erb within layouts/application
  [1m[36mShop Load (0.7ms)[0m  [1m[34mSELECT "shops".* FROM "shops"[0m
  Rendered shops/index.html.erb within layouts/application (2.7ms)
Completed 200 OK in 32ms (Views: 29.1ms | ActiveRecord: 0.7ms)


Started GET "/shops/new" for ::1 at 2016-08-02 08:09:20 -0400
Processing by ShopsController#new as HTML
Completed 400 Bad Request in 2ms (ActiveRecord: 0.0ms)


  
ActionController::ParameterMissing (param is missing or the value is empty: shop):
  
app/controllers/shops_controller.rb:29:in `shop_params'
app/controllers/shops_controller.rb:11:in `new'
  Rendering /Users/mcoyle/.rvm/gems/ruby-2.3.1/gems/actionpack-5.0.0/lib/action_dispatch/middleware/templates/rescues/diagnostics.html.erb within rescues/layout
  Rendering /Users/mcoyle/.rvm/gems/ruby-2.3.1/gems/actionpack-5.0.0/lib/action_dispatch/middleware/templates/rescues/_source.html.erb
  Rendered /Users/mcoyle/.rvm/gems/ruby-2.3.1/gems/actionpack-5.0.0/lib/action_dispatch/middleware/templates/rescues/_source.html.erb (4.7ms)
  Rendering /Users/mcoyle/.rvm/gems/ruby-2.3.1/gems/actionpack-5.0.0/lib/action_dispatch/middleware/templates/rescues/_trace.html.erb
  Rendered /Users/mcoyle/.rvm/gems/ruby-2.3.1/gems/actionpack-5.0.0/lib/action_dispatch/middleware/templates/rescues/_trace.html.erb (5.6ms)
  Rendering /Users/mcoyle/.rvm/gems/ruby-2.3.1/gems/actionpack-5.0.0/lib/action_dispatch/middleware/templates/rescues/_request_and_response.html.erb
  Rendered /Users/mcoyle/.rvm/gems/ruby-2.3.1/gems/actionpack-5.0.0/lib/action_dispatch/middleware/templates/rescues/_request_and_response.html.erb (1.2ms)
  Rendered /Users/mcoyle/.rvm/gems/ruby-2.3.1/gems/actionpack-5.0.0/lib/action_dispatch/middleware/templates/rescues/diagnostics.html.erb within rescues/layout (86.2ms)
Started GET "/shops" for ::1 at 2016-08-02 08:09:27 -0400
Processing by ShopsController#index as HTML
  Rendering shops/index.html.erb within layouts/application
  [1m[36mShop Load (0.9ms)[0m  [1m[34mSELECT "shops".* FROM "shops"[0m
  Rendered shops/index.html.erb within layouts/application (2.5ms)
Completed 200 OK in 28ms (Views: 24.0ms | ActiveRecord: 0.9ms)


Started GET "/shops" for ::1 at 2016-08-02 08:10:13 -0400
Processing by ShopsController#index as HTML
  Rendering shops/index.html.erb within layouts/application
  [1m[36mShop Load (0.7ms)[0m  [1m[34mSELECT "shops".* FROM "shops"[0m
  Rendered shops/index.html.erb within layouts/application (8.0ms)
Completed 200 OK in 50ms (Views: 42.7ms | ActiveRecord: 0.7ms)


Started GET "/shops/new" for ::1 at 2016-08-02 08:10:14 -0400
Processing by ShopsController#new as HTML
Completed 400 Bad Request in 1ms (ActiveRecord: 0.0ms)


  
ActionController::ParameterMissing (param is missing or the value is empty: shop):
  
app/controllers/shops_controller.rb:26:in `shop_params'
app/controllers/shops_controller.rb:11:in `new'
  Rendering /Users/mcoyle/.rvm/gems/ruby-2.3.1/gems/actionpack-5.0.0/lib/action_dispatch/middleware/templates/rescues/diagnostics.html.erb within rescues/layout
  Rendering /Users/mcoyle/.rvm/gems/ruby-2.3.1/gems/actionpack-5.0.0/lib/action_dispatch/middleware/templates/rescues/_source.html.erb
  Rendered /Users/mcoyle/.rvm/gems/ruby-2.3.1/gems/actionpack-5.0.0/lib/action_dispatch/middleware/templates/rescues/_source.html.erb (4.0ms)
  Rendering /Users/mcoyle/.rvm/gems/ruby-2.3.1/gems/actionpack-5.0.0/lib/action_dispatch/middleware/templates/rescues/_trace.html.erb
  Rendered /Users/mcoyle/.rvm/gems/ruby-2.3.1/gems/actionpack-5.0.0/lib/action_dispatch/middleware/templates/rescues/_trace.html.erb (2.4ms)
  Rendering /Users/mcoyle/.rvm/gems/ruby-2.3.1/gems/actionpack-5.0.0/lib/action_dispatch/middleware/templates/rescues/_request_and_response.html.erb
  Rendered /Users/mcoyle/.rvm/gems/ruby-2.3.1/gems/actionpack-5.0.0/lib/action_dispatch/middleware/templates/rescues/_request_and_response.html.erb (1.3ms)
  Rendered /Users/mcoyle/.rvm/gems/ruby-2.3.1/gems/actionpack-5.0.0/lib/action_dispatch/middleware/templates/rescues/diagnostics.html.erb within rescues/layout (91.0ms)
Started GET "/shops/new" for ::1 at 2016-08-02 08:10:35 -0400
Processing by ShopsController#new as HTML
  Rendering shops/new.html.erb within layouts/application
  Rendered shops/new.html.erb within layouts/application (7.0ms)
Completed 200 OK in 63ms (Views: 43.5ms | ActiveRecord: 0.0ms)


Started POST "/shops" for ::1 at 2016-08-02 08:10:37 -0400
Processing by ShopsController#create as HTML
  Parameters: {"utf8"=>"✓", "authenticity_token"=>"5QwbMbMVHas0BDi3brxHb+NGD252avDB36utLGrJmLYLfpWfnDf8XiZ4wSkpYgDKfDY/GRpNQPdt4QSnCRR80Q==", "shop"=>{"name"=>"", "shop_type"=>""}, "commit"=>"Save Shop"}
  [1m[35m (0.2ms)[0m  [1m[35mBEGIN[0m
  [1m[35m (0.2ms)[0m  [1m[31mROLLBACK[0m
  Rendering shops/new.html.erb within layouts/application
  Rendered shops/new.html.erb within layouts/application (3.6ms)
Completed 200 OK in 38ms (Views: 33.1ms | ActiveRecord: 0.4ms)


Started GET "/shops" for ::1 at 2016-08-02 08:17:48 -0400
Processing by ShopsController#index as HTML
  Rendering shops/index.html.erb within layouts/application
  [1m[36mShop Load (0.7ms)[0m  [1m[34mSELECT "shops".* FROM "shops"[0m
  Rendered shops/index.html.erb within layouts/application (14.5ms)
Completed 200 OK in 74ms (Views: 61.5ms | ActiveRecord: 0.7ms)


Started GET "/shops/1" for ::1 at 2016-08-02 08:17:50 -0400
Processing by ShopsController#show as HTML
  Parameters: {"id"=>"1"}
  [1m[36mShop Load (1.5ms)[0m  [1m[34mSELECT  "shops".* FROM "shops" WHERE "shops"."id" = $1 LIMIT $2[0m  [["id", 1], ["LIMIT", 1]]
  Rendering shops/show.html.erb within layouts/application
  Rendered shops/show.html.erb within layouts/application (6.7ms)
Completed 200 OK in 77ms (Views: 60.8ms | ActiveRecord: 2.1ms)


Started GET "/shops/1/edit" for ::1 at 2016-08-02 08:17:53 -0400
Processing by ShopsController#edit as HTML
  Parameters: {"id"=>"1"}
  [1m[36mShop Load (0.9ms)[0m  [1m[34mSELECT  "shops".* FROM "shops" WHERE "shops"."id" = $1 LIMIT $2[0m  [["id", 1], ["LIMIT", 1]]
  Rendering shops/edit.html.erb within layouts/application
  Rendered shops/edit.html.erb within layouts/application (9.1ms)
Completed 200 OK in 52ms (Views: 43.4ms | ActiveRecord: 1.3ms)


Started PATCH "/shops/1" for ::1 at 2016-08-02 08:17:57 -0400
Processing by ShopsController#update as HTML
  Parameters: {"utf8"=>"✓", "authenticity_token"=>"6BabsizqZMQZ+e5MiHHfcciOsIX+QL4x/Ol6ba9unb/gxUZgpQ6QL+N9mRcmyXn2ELk+qWmVE3HjEPf3tITWPw==", "shop"=>{"name"=>"Coffee JAms", "shop_type"=>"Chain"}, "commit"=>"Save Shop", "id"=>"1"}
  [1m[36mShop Load (1.2ms)[0m  [1m[34mSELECT  "shops".* FROM "shops" WHERE "shops"."id" = $1 LIMIT $2[0m  [["id", 1], ["LIMIT", 1]]
  [1m[35m (0.1ms)[0m  [1m[35mBEGIN[0m
  [1m[35mSQL (2.5ms)[0m  [1m[33mUPDATE "shops" SET "shop_type" = $1, "updated_at" = $2 WHERE "shops"."id" = $3[0m  [["shop_type", "Chain"], ["updated_at", 2016-08-02 12:17:57 UTC], ["id", 1]]
  [1m[35m (1.4ms)[0m  [1m[35mCOMMIT[0m
Redirected to http://localhost:3000/shops/1
Completed 302 Found in 33ms (ActiveRecord: 5.2ms)


Started GET "/shops/1" for ::1 at 2016-08-02 08:17:57 -0400
Processing by ShopsController#show as HTML
  Parameters: {"id"=>"1"}
  [1m[36mShop Load (1.1ms)[0m  [1m[34mSELECT  "shops".* FROM "shops" WHERE "shops"."id" = $1 LIMIT $2[0m  [["id", 1], ["LIMIT", 1]]
  Rendering shops/show.html.erb within layouts/application
  Rendered shops/show.html.erb within layouts/application (1.0ms)
Completed 200 OK in 34ms (Views: 26.8ms | ActiveRecord: 2.9ms)


Started GET "/shops" for ::1 at 2016-08-02 08:17:59 -0400
Processing by ShopsController#index as HTML
  Rendering shops/index.html.erb within layouts/application
  [1m[36mShop Load (0.6ms)[0m  [1m[34mSELECT "shops".* FROM "shops"[0m
  Rendered shops/index.html.erb within layouts/application (2.8ms)
Completed 200 OK in 36ms (Views: 32.6ms | ActiveRecord: 0.6ms)


Started GET "/shops" for ::1 at 2016-08-02 08:41:43 -0400
Processing by ShopsController#index as HTML
  Rendering shops/index.html.erb within layouts/application
  [1m[36mShop Load (18.5ms)[0m  [1m[34mSELECT "shops".* FROM "shops"[0m
  Rendered shops/index.html.erb within layouts/application (38.7ms)
Completed 200 OK in 213ms (Views: 166.7ms | ActiveRecord: 18.5ms)


Started GET "/shops/new" for ::1 at 2016-08-02 08:41:46 -0400
Processing by ShopsController#new as HTML
  Rendering shops/new.html.erb within layouts/application
  Rendered shops/_form.html.erb (36.5ms)
  Rendered shops/new.html.erb within layouts/application (54.2ms)
Completed 200 OK in 151ms (Views: 113.0ms | ActiveRecord: 0.0ms)


Started GET "/shops" for ::1 at 2016-08-02 08:41:48 -0400
Processing by ShopsController#index as HTML
  Rendering shops/index.html.erb within layouts/application
  [1m[36mShop Load (4.7ms)[0m  [1m[34mSELECT "shops".* FROM "shops"[0m
  Rendered shops/index.html.erb within layouts/application (11.5ms)
Completed 200 OK in 57ms (Views: 49.1ms | ActiveRecord: 4.7ms)


Started GET "/shops/1" for ::1 at 2016-08-02 08:41:49 -0400
Processing by ShopsController#show as HTML
  Parameters: {"id"=>"1"}
  [1m[36mShop Load (5.8ms)[0m  [1m[34mSELECT  "shops".* FROM "shops" WHERE "shops"."id" = $1 LIMIT $2[0m  [["id", 1], ["LIMIT", 1]]
  Rendering shops/show.html.erb within layouts/application
  Rendered shops/show.html.erb within layouts/application (1.7ms)
Completed 200 OK in 69ms (Views: 34.3ms | ActiveRecord: 17.3ms)


Started GET "/shops/1/edit" for ::1 at 2016-08-02 08:41:50 -0400
Processing by ShopsController#edit as HTML
  Parameters: {"id"=>"1"}
  [1m[36mShop Load (1.4ms)[0m  [1m[34mSELECT  "shops".* FROM "shops" WHERE "shops"."id" = $1 LIMIT $2[0m  [["id", 1], ["LIMIT", 1]]
  Rendering shops/edit.html.erb within layouts/application
  Rendered shops/_form.html.erb (6.5ms)
  Rendered shops/edit.html.erb within layouts/application (10.6ms)
Completed 200 OK in 58ms (Views: 50.2ms | ActiveRecord: 1.4ms)


Started PATCH "/shops/1" for ::1 at 2016-08-02 08:41:52 -0400
Processing by ShopsController#update as HTML
  Parameters: {"utf8"=>"✓", "authenticity_token"=>"AlBc8hfBuXM7pEakC9+aOrGA4ZcKpnxfUz8sEvxQzJ4Kg4EgniVNmMEgMf+lZzy9abdvu51z0R9MxqGI57qHHg==", "shop"=>{"name"=>"Coffee JAms", "shop_type"=>"Chain"}, "commit"=>"Update Shop", "id"=>"1"}
  [1m[36mShop Load (1.3ms)[0m  [1m[34mSELECT  "shops".* FROM "shops" WHERE "shops"."id" = $1 LIMIT $2[0m  [["id", 1], ["LIMIT", 1]]
  [1m[35m (2.0ms)[0m  [1m[35mBEGIN[0m
  [1m[35m (0.3ms)[0m  [1m[35mCOMMIT[0m
Redirected to http://localhost:3000/shops/1
Completed 302 Found in 14ms (ActiveRecord: 3.6ms)


Started GET "/shops/1" for ::1 at 2016-08-02 08:41:52 -0400
Processing by ShopsController#show as HTML
  Parameters: {"id"=>"1"}
  [1m[36mShop Load (0.6ms)[0m  [1m[34mSELECT  "shops".* FROM "shops" WHERE "shops"."id" = $1 LIMIT $2[0m  [["id", 1], ["LIMIT", 1]]
  Rendering shops/show.html.erb within layouts/application
  Rendered shops/show.html.erb within layouts/application (0.9ms)
Completed 200 OK in 28ms (Views: 24.6ms | ActiveRecord: 0.6ms)


Started GET "/shops" for ::1 at 2016-08-02 08:41:53 -0400
Processing by ShopsController#index as HTML
  Rendering shops/index.html.erb within layouts/application
  [1m[36mShop Load (0.5ms)[0m  [1m[34mSELECT "shops".* FROM "shops"[0m
  Rendered shops/index.html.erb within layouts/application (2.9ms)
Completed 200 OK in 54ms (Views: 50.0ms | ActiveRecord: 0.5ms)


Started GET "/shops/new" for ::1 at 2016-08-02 08:45:20 -0400
Processing by ShopsController#new as HTML
  Rendering shops/new.html.erb within layouts/application
  Rendered shops/_form.html.erb (10.5ms)
  Rendered shops/new.html.erb within layouts/application (14.1ms)
Completed 200 OK in 165ms (Views: 64.2ms | ActiveRecord: 66.3ms)


Started POST "/shops" for ::1 at 2016-08-02 08:45:29 -0400
Processing by ShopsController#create as HTML
  Parameters: {"utf8"=>"✓", "authenticity_token"=>"8FoNgFjTeWdpCpPq1Mc8LCvNwZWKVJCfbQUhlfoscA7PWiFiJI+fPWhe+zE9Qv6Hf3FqU/a/eHG28uV7oJv7Zg==", "shop"=>{"name"=>"Coffee Coffee", "shop_type"=>"Yum!"}, "commit"=>"Create Shop"}
  [1m[35m (0.2ms)[0m  [1m[35mBEGIN[0m
  [1m[35mSQL (20.2ms)[0m  [1m[32mINSERT INTO "shops" ("name", "shop_type", "created_at", "updated_at") VALUES ($1, $2, $3, $4) RETURNING "id"[0m  [["name", "Coffee Coffee"], ["shop_type", "Yum!"], ["created_at", 2016-08-02 12:45:29 UTC], ["updated_at", 2016-08-02 12:45:29 UTC]]
  [1m[35m (0.8ms)[0m  [1m[35mCOMMIT[0m
Redirected to http://localhost:3000/shops/2
Completed 302 Found in 36ms (ActiveRecord: 21.2ms)


Started GET "/shops/2" for ::1 at 2016-08-02 08:45:29 -0400
Processing by ShopsController#show as HTML
  Parameters: {"id"=>"2"}
  [1m[36mShop Load (6.2ms)[0m  [1m[34mSELECT  "shops".* FROM "shops" WHERE "shops"."id" = $1 LIMIT $2[0m  [["id", 2], ["LIMIT", 1]]
  Rendering shops/show.html.erb within layouts/application
  Rendered shops/show.html.erb within layouts/application (278.8ms)
Completed 500 Internal Server Error in 296ms (ActiveRecord: 6.2ms)


  
ActionView::Template::Error (undefined local variable or method `shop' for #<#<Class:0x007f8881e5b788>:0x007f8882eb8b58>
Did you mean?  @shop):
     8:   <%= @shop.shop_type %>
     9: </p>
    10: 
    11: <%= link_to 'Back', shops_path %> | <%= link_to 'Edit', edit_shop_path(@shop) %> | <%= link_to 'Delete', shop_path(shop),
    12:               method: :delete,
    13:               data: { confirm: 'Are you sure?' } %>
  
app/views/shops/show.html.erb:11:in `_app_views_shops_show_html_erb___97846691895200776_70112144378520'
  Rendering /Users/mcoyle/.rvm/gems/ruby-2.3.1/gems/actionpack-5.0.0/lib/action_dispatch/middleware/templates/rescues/template_error.html.erb within rescues/layout
  Rendering /Users/mcoyle/.rvm/gems/ruby-2.3.1/gems/actionpack-5.0.0/lib/action_dispatch/middleware/templates/rescues/_source.html.erb
  Rendered /Users/mcoyle/.rvm/gems/ruby-2.3.1/gems/actionpack-5.0.0/lib/action_dispatch/middleware/templates/rescues/_source.html.erb (9.4ms)
  Rendering /Users/mcoyle/.rvm/gems/ruby-2.3.1/gems/actionpack-5.0.0/lib/action_dispatch/middleware/templates/rescues/_trace.html.erb
  Rendered /Users/mcoyle/.rvm/gems/ruby-2.3.1/gems/actionpack-5.0.0/lib/action_dispatch/middleware/templates/rescues/_trace.html.erb (3.8ms)
  Rendering /Users/mcoyle/.rvm/gems/ruby-2.3.1/gems/actionpack-5.0.0/lib/action_dispatch/middleware/templates/rescues/_request_and_response.html.erb
  Rendered /Users/mcoyle/.rvm/gems/ruby-2.3.1/gems/actionpack-5.0.0/lib/action_dispatch/middleware/templates/rescues/_request_and_response.html.erb (4.0ms)
  Rendered /Users/mcoyle/.rvm/gems/ruby-2.3.1/gems/actionpack-5.0.0/lib/action_dispatch/middleware/templates/rescues/template_error.html.erb within rescues/layout (164.0ms)
Started POST "/shops" for ::1 at 2016-08-02 08:45:49 -0400
Processing by ShopsController#create as HTML
  Parameters: {"utf8"=>"✓", "authenticity_token"=>"rsaiqFlShtr1cmQy0+lA2CbgcRDhg69ezayt1bydkdVAtCwGdnBnL+cOnayUNwd9uZBBZ42kH2h/5gRe30B1sg==", "shop"=>{"name"=>"Coffee Coffee", "shop_type"=>"Yum!"}, "commit"=>"Create Shop"}
  [1m[35m (0.2ms)[0m  [1m[35mBEGIN[0m
  [1m[35mSQL (8.9ms)[0m  [1m[32mINSERT INTO "shops" ("name", "shop_type", "created_at", "updated_at") VALUES ($1, $2, $3, $4) RETURNING "id"[0m  [["name", "Coffee Coffee"], ["shop_type", "Yum!"], ["created_at", 2016-08-02 12:45:49 UTC], ["updated_at", 2016-08-02 12:45:49 UTC]]
  [1m[35m (0.4ms)[0m  [1m[35mCOMMIT[0m
Redirected to http://localhost:3000/shops/3
Completed 302 Found in 13ms (ActiveRecord: 9.5ms)


Started GET "/shops/3" for ::1 at 2016-08-02 08:45:49 -0400
Processing by ShopsController#show as HTML
  Parameters: {"id"=>"3"}
  [1m[36mShop Load (0.9ms)[0m  [1m[34mSELECT  "shops".* FROM "shops" WHERE "shops"."id" = $1 LIMIT $2[0m  [["id", 3], ["LIMIT", 1]]
  Rendering shops/show.html.erb within layouts/application
  Rendered shops/show.html.erb within layouts/application (1.1ms)
Completed 200 OK in 31ms (Views: 25.8ms | ActiveRecord: 0.9ms)


Started GET "/shops" for ::1 at 2016-08-02 08:45:52 -0400
Processing by ShopsController#index as HTML
  Rendering shops/index.html.erb within layouts/application
  [1m[36mShop Load (0.9ms)[0m  [1m[34mSELECT "shops".* FROM "shops"[0m
  Rendered shops/index.html.erb within layouts/application (15.8ms)
Completed 200 OK in 78ms (Views: 60.6ms | ActiveRecord: 0.9ms)


Started GET "/shops" for ::1 at 2016-08-02 08:46:17 -0400
Processing by ShopsController#index as HTML
  Rendering shops/index.html.erb within layouts/application
  [1m[36mShop Load (2.9ms)[0m  [1m[34mSELECT "shops".* FROM "shops"[0m
  Rendered shops/index.html.erb within layouts/application (5.8ms)
Completed 200 OK in 46ms (Views: 37.2ms | ActiveRecord: 2.9ms)


Started GET "/shops/3" for ::1 at 2016-08-02 08:46:19 -0400
Processing by ShopsController#show as HTML
  Parameters: {"id"=>"3"}
  [1m[36mShop Load (0.5ms)[0m  [1m[34mSELECT  "shops".* FROM "shops" WHERE "shops"."id" = $1 LIMIT $2[0m  [["id", 3], ["LIMIT", 1]]
  Rendering shops/show.html.erb within layouts/application
  Rendered shops/show.html.erb within layouts/application (1.7ms)
Completed 200 OK in 47ms (Views: 41.4ms | ActiveRecord: 0.5ms)


Started DELETE "/shops/3" for ::1 at 2016-08-02 08:46:22 -0400
Processing by ShopsController#destroy as HTML
  Parameters: {"authenticity_token"=>"hDVDlWOQ20SQejky0kT8IIux/NwauMjZ00uY6XtG2aFqR807TLI6sYIGwKyVmruFFMHMq3afeO9hATFiGJs9xg==", "id"=>"3"}
  [1m[36mShop Load (2.9ms)[0m  [1m[34mSELECT  "shops".* FROM "shops" WHERE "shops"."id" = $1 LIMIT $2[0m  [["id", 3], ["LIMIT", 1]]
  [1m[35m (0.2ms)[0m  [1m[35mBEGIN[0m
  [1m[35mSQL (2.5ms)[0m  [1m[31mDELETE FROM "shops" WHERE "shops"."id" = $1[0m  [["id", 3]]
  [1m[35m (0.4ms)[0m  [1m[35mCOMMIT[0m
Redirected to http://localhost:3000/shops
Completed 302 Found in 22ms (ActiveRecord: 6.0ms)


Started GET "/shops" for ::1 at 2016-08-02 08:46:22 -0400
Processing by ShopsController#index as HTML
  Rendering shops/index.html.erb within layouts/application
  [1m[36mShop Load (0.5ms)[0m  [1m[34mSELECT "shops".* FROM "shops"[0m
  Rendered shops/index.html.erb within layouts/application (2.7ms)
Completed 200 OK in 48ms (Views: 45.2ms | ActiveRecord: 0.5ms)


Started GET "/shops/2" for ::1 at 2016-08-02 08:46:23 -0400
Processing by ShopsController#show as HTML
  Parameters: {"id"=>"2"}
  [1m[36mShop Load (6.0ms)[0m  [1m[34mSELECT  "shops".* FROM "shops" WHERE "shops"."id" = $1 LIMIT $2[0m  [["id", 2], ["LIMIT", 1]]
  Rendering shops/show.html.erb within layouts/application
  Rendered shops/show.html.erb within layouts/application (17.5ms)
Completed 200 OK in 249ms (Views: 148.0ms | ActiveRecord: 6.0ms)


Started DELETE "/shops/2" for ::1 at 2016-08-02 08:46:26 -0400
Processing by ShopsController#destroy as HTML
  Parameters: {"authenticity_token"=>"6Np/Zs2JPq0S1GY0eAFdcu225FopxUpEcmcPjza+7gYGqPHI4qvfWACon6o/3xrXcsbULUXi+nLALaYEVWMKYQ==", "id"=>"2"}
  [1m[36mShop Load (0.9ms)[0m  [1m[34mSELECT  "shops".* FROM "shops" WHERE "shops"."id" = $1 LIMIT $2[0m  [["id", 2], ["LIMIT", 1]]
  [1m[35m (0.2ms)[0m  [1m[35mBEGIN[0m
  [1m[35mSQL (2.9ms)[0m  [1m[31mDELETE FROM "shops" WHERE "shops"."id" = $1[0m  [["id", 2]]
  [1m[35m (0.6ms)[0m  [1m[35mCOMMIT[0m
Redirected to http://localhost:3000/shops
Completed 302 Found in 10ms (ActiveRecord: 4.7ms)


Started GET "/shops" for ::1 at 2016-08-02 08:46:26 -0400
Processing by ShopsController#index as HTML
  Rendering shops/index.html.erb within layouts/application
  [1m[36mShop Load (2.4ms)[0m  [1m[34mSELECT "shops".* FROM "shops"[0m
  Rendered shops/index.html.erb within layouts/application (4.8ms)
Completed 200 OK in 28ms (Views: 23.4ms | ActiveRecord: 2.4ms)


  [1m[35m (3.1ms)[0m  [1m[34mSELECT pg_try_advisory_lock(1231090217252467950);[0m
  [1m[36mActiveRecord::SchemaMigration Load (3.6ms)[0m  [1m[34mSELECT "schema_migrations".* FROM "schema_migrations"[0m
Migrating to CreateDrinks (20160802124957)
  [1m[35m (0.3ms)[0m  [1m[35mBEGIN[0m
  [1m[35m (80.5ms)[0m  [1m[35mCREATE TABLE "drinks" ("id" serial primary key, "name" character varying, "kind_of_drink" character varying, "roast" character varying, "flavor" character varying, "shop_id" integer, "created_at" timestamp NOT NULL, "updated_at" timestamp NOT NULL, CONSTRAINT "fk_rails_c459867034"
FOREIGN KEY ("shop_id")
  REFERENCES "shops" ("id")
)[0m
  [1m[35m (2.2ms)[0m  [1m[35mCREATE  INDEX  "index_drinks_on_shop_id" ON "drinks"  ("shop_id")[0m
  [1m[35mSQL (3.2ms)[0m  [1m[32mINSERT INTO "schema_migrations" ("version") VALUES ($1) RETURNING "version"[0m  [["version", "20160802124957"]]
  [1m[35m (4.1ms)[0m  [1m[35mCOMMIT[0m
  [1m[36mActiveRecord::InternalMetadata Load (1.7ms)[0m  [1m[34mSELECT  "ar_internal_metadata".* FROM "ar_internal_metadata" WHERE "ar_internal_metadata"."key" = $1 LIMIT $2[0m  [["key", :environment], ["LIMIT", 1]]
  [1m[35m (0.2ms)[0m  [1m[35mBEGIN[0m
  [1m[35m (0.1ms)[0m  [1m[35mCOMMIT[0m
  [1m[35m (0.7ms)[0m  [1m[34mSELECT pg_advisory_unlock(1231090217252467950)[0m
  [1m[36mActiveRecord::SchemaMigration Load (0.3ms)[0m  [1m[34mSELECT "schema_migrations".* FROM "schema_migrations"[0m
  [1m[35m (6.5ms)[0m  [1m[34mSELECT t2.oid::regclass::text AS to_table, a1.attname AS column, a2.attname AS primary_key, c.conname AS name, c.confupdtype AS on_update, c.confdeltype AS on_delete
FROM pg_constraint c
JOIN pg_class t1 ON c.conrelid = t1.oid
JOIN pg_class t2 ON c.confrelid = t2.oid
JOIN pg_attribute a1 ON a1.attnum = c.conkey[1] AND a1.attrelid = t1.oid
JOIN pg_attribute a2 ON a2.attnum = c.confkey[1] AND a2.attrelid = t2.oid
JOIN pg_namespace t3 ON c.connamespace = t3.oid
WHERE c.contype = 'f'
  AND t1.relname = 'drinks'
  AND t3.nspname = ANY (current_schemas(false))
ORDER BY c.conname
[0m
  [1m[35m (4.8ms)[0m  [1m[34mSELECT t2.oid::regclass::text AS to_table, a1.attname AS column, a2.attname AS primary_key, c.conname AS name, c.confupdtype AS on_update, c.confdeltype AS on_delete
FROM pg_constraint c
JOIN pg_class t1 ON c.conrelid = t1.oid
JOIN pg_class t2 ON c.confrelid = t2.oid
JOIN pg_attribute a1 ON a1.attnum = c.conkey[1] AND a1.attrelid = t1.oid
JOIN pg_attribute a2 ON a2.attnum = c.confkey[1] AND a2.attrelid = t2.oid
JOIN pg_namespace t3 ON c.connamespace = t3.oid
WHERE c.contype = 'f'
  AND t1.relname = 'shops'
  AND t3.nspname = ANY (current_schemas(false))
ORDER BY c.conname
[0m
